2022-06-01 10:34:04,806 Namespace(cfg='experiments/coco/tokenpose/tokenpose_L_D24_256_192_patch43_dim192_depth24_heads12.yaml', dataDir='', logDir='', modelDir='', opts=[], prevModelDir='')
2022-06-01 10:34:04,806 AUTO_RESUME: True
CUDNN:
  BENCHMARK: True
  DETERMINISTIC: False
  ENABLED: True
DATASET:
  COLOR_RGB: True
  DATASET: coco
  DATA_FORMAT: jpg
  FLIP: True
  HYBRID_JOINTS_TYPE: 
  NUM_JOINTS_HALF_BODY: 8
  PROB_HALF_BODY: 0.3
  ROOT: /home/huangyuchao/projects/datasets/coco2017
  ROT_FACTOR: 45
  SCALE_FACTOR: 0.35
  SELECT_DATA: False
  TEST_SET: val2017
  TRAIN_SET: train2017
DATA_DIR: 
DEBUG:
  DEBUG: True
  SAVE_BATCH_IMAGES_GT: True
  SAVE_BATCH_IMAGES_PRED: True
  SAVE_HEATMAPS_GT: True
  SAVE_HEATMAPS_PRED: True
GPUS: [0, 1, 2, 3]
LOG_DIR: log
LOSS:
  TOPK: 8
  USE_DIFFERENT_JOINTS_WEIGHT: False
  USE_OHKM: False
  USE_TARGET_WEIGHT: True
MODEL:
  BASE_CHANNEL: 48
  DIM: 192
  EXTRA:
    FINAL_CONV_KERNEL: 1
    PRETRAINED_LAYERS: ['conv1', 'bn1', 'conv2', 'bn2', 'layer1', 'transition1', 'stage2', 'transition2', 'stage3']
    STAGE2:
      BLOCK: BASIC
      FUSE_METHOD: SUM
      NUM_BLOCKS: [4, 4]
      NUM_BRANCHES: 2
      NUM_CHANNELS: [48, 96]
      NUM_MODULES: 1
    STAGE3:
      BLOCK: BASIC
      FUSE_METHOD: SUM
      NUM_BLOCKS: [4, 4, 4]
      NUM_BRANCHES: 3
      NUM_CHANNELS: [48, 96, 192]
      NUM_MODULES: 4
  HEATMAP_SIZE: [48, 64]
  HIDDEN_HEATMAP_DIM: 384
  IMAGE_SIZE: [192, 256]
  INIT: True
  INIT_WEIGHTS: True
  MULTI_DIM: [48, 48]
  MULTI_TRANSFORMER_DEPTH: [12, 12]
  MULTI_TRANSFORMER_HEADS: [16, 16]
  NAME: tokenpose_l
  NUM_BRANCHES: 1
  NUM_JOINTS: 17
  PATCH_SIZE: [3, 4]
  POS_EMBEDDING_TYPE: sine-full
  PRETRAINED: /home/huangyuchao/.cache/torch/checkpoints/hrnet_w48-8ef0771d.pth
  SIGMA: 2
  TAG_PERP_JOINT: True
  TARGET_TYPE: gaussian
  TRANSFORMER_DEPTH: 8
  TRANSFORMER_HEADS: 12
  TRANSFORMER_MLP_RATIO: 3
OUTPUT_DIR: output
PIN_MEMORY: True
PRINT_FREQ: 100
RANK: 0
TEST:
  BATCH_SIZE_PER_GPU: 1
  BBOX_THRE: 1.0
  BLUR_KERNEL: 11
  COCO_BBOX_FILE: /data/dataset/COCO_2017/COCO_val2017_detections_AP_H_56_person.json
  FLIP_TEST: True
  IMAGE_THRE: 0.0
  IN_VIS_THRE: 0.2
  MODEL_FILE: 
  NMS_THRE: 1.0
  OKS_THRE: 0.9
  POST_PROCESS: True
  SOFT_NMS: False
  USE_GT_BBOX: True
TRAIN:
  BATCH_SIZE_PER_GPU: 16
  BEGIN_EPOCH: 0
  CHECKPOINT: 
  END_EPOCH: 300
  GAMMA1: 0.99
  GAMMA2: 0.0
  LR: 0.001
  LR_END: 1e-05
  LR_FACTOR: 0.1
  LR_SCHEDULER: MultiStepLR
  LR_STEP: [200, 260]
  MOMENTUM: 0.9
  NESTEROV: False
  OPTIMIZER: adam
  RESUME: False
  SHUFFLE: True
  WD: 0.0001
WORKERS: 24
2022-06-01 10:34:05,227 => init HRnet weights forming as normal distribution
2022-06-01 10:34:08,185 => loading pre-trained model /home/huangyuchao/.cache/torch/checkpoints/hrnet_w48-8ef0771d.pth
2022-06-01 10:34:10,585 
Total Parameters: 27,790,272
----------------------------------------------------------------------------------------------------------------------------------
Total Multiply Adds (For Convolution and Linear Layers only): 11.075812339782715 GFLOPs
----------------------------------------------------------------------------------------------------------------------------------
Number of Layers
Conv2d : 160 layers   BatchNorm2d : 160 layers   ReLU : 147 layers   Bottleneck : 4 layers   BasicBlock : 56 layers   Upsample : 13 layers   HighResolutionModule : 5 layers   HRNetBase : 1 layers   Linear : 98 layers   Dropout : 73 layers   LayerNorm : 49 layers   Attention : 24 layers   PreNorm : 48 layers   Residual : 48 layers   GELU : 24 layers   FeedForward : 24 layers   Transformer : 3 layers   Identity : 3 layers   MLPHead : 1 layers   TokenPose_L_Base : 1 layers   
