make all --print-data-base --no-builtin-variables --no-builtin-rules --question
# GNU Make 4.1
# Built for x86_64-pc-linux-gnu
# Copyright (C) 1988-2014 Free Software Foundation, Inc.
# License GPLv3+: GNU GPL version 3 or later <http://gnu.org/licenses/gpl.html>
# This is free software: you are free to change and redistribute it.
# There is NO WARRANTY, to the extent permitted by law.

# Make data base, printed on Sun Jun 19 21:52:57 2022

# Variables

# automatic
<D = $(patsubst %/,%,$(dir $<))
# automatic
?F = $(notdir $?)
# default
.SHELLFLAGS := -c
# environment
VSCODE_AGENT_FOLDER = /home/huangyuchao/.vscode-server
# environment
VSCODE_LOG_NATIVE = false
# automatic
?D = $(patsubst %/,%,$(dir $?))
# automatic
@D = $(patsubst %/,%,$(dir $@))
# automatic
@F = $(notdir $@)
# default
MAKE_VERSION := 4.1
# makefile
CURDIR := /data4/huangyuchao/projects/projects/hpealgo
# makefile
SHELL = /bin/sh
# environment
VSCODE_NLS_CONFIG = {"locale":"en","availableLanguages":{}}
# environment
_ = /data4/huangyuchao/.vscode-server/bin/30d9c6cd9483b2cc586687151bcbcd635f373630/node
# makefile (from 'Makefile', line 1)
MAKEFILE_LIST :=  Makefile
# 'override' directive
GNUMAKEFLAGS := 
# environment
XDG_DATA_DIRS = /usr/local/share:/usr/share:/var/lib/snapd/desktop
# environment
VSCODE_VERBOSE_LOGGING = true
# environment
LESSOPEN = | /usr/bin/lesspipe %s
# environment
VSCODE_CWD = /data4/huangyuchao
# environment
SSH_CONNECTION = 10.130.5.139 49401 10.29.0.238 22
# environment
PATH = /data4/huangyuchao/.vscode-server/bin/30d9c6cd9483b2cc586687151bcbcd635f373630/bin/remote-cli:/home/huangyuchao/bin:/home/huangyuchao/.local/bin:/home/huangyuchao/anaconda3/bin:/home/huangyuchao/anaconda3/condabin:/home/huangyuchao/anaconda3/bin:/home/huangyuchao/cuda10.1/bin:/usr/local/cuda-11.1/bin:/home/huangyuchao/bin:/home/huangyuchao/.local/bin:/usr/local/cuda-11.1/bin:/usr/local/sbin:/usr/local/bin:/usr/sbin:/usr/bin:/sbin:/bin:/usr/games:/usr/local/games:/snap/bin
# environment
XDG_RUNTIME_DIR = /run/user/1001
# environment
CONDA_PREFIX = /home/huangyuchao/anaconda3
# environment
VSCODE_LOG_STACK = false
# default
.FEATURES := target-specific order-only second-expansion else-if shortest-stem undefine oneshell archives jobserver output-sync check-symlink load
# environment
LS_COLORS = 
# automatic
%F = $(notdir $%)
# environment
CONDA_EXE = /home/huangyuchao/anaconda3/bin/conda
# environment
VSCODE_PIPE_LOGGING = true
# environment
PWD = /data4/huangyuchao/projects/projects/hpealgo
# environment
QT_QPA_PLATFORMTHEME = appmenu-qt5
# environment
VSCODE_IPC_HOOK_CLI = /run/user/1001/vscode-ipc-ba932db3-aa7d-4645-825a-d4fc355cc685.sock
# automatic
*D = $(patsubst %/,%,$(dir $*))
# environment
VSCODE_AMD_ENTRYPOINT = vs/workbench/api/node/extensionHostProcess
# environment
HOME = /home/huangyuchao
# environment
LD_LIBRARY_PATH = /home/huangyuchao/cuda10.1/lib64:/usr/local/cuda-11.1/lib64/usr/local/cuda-11.1/lib64
# environment
LESSCLOSE = /usr/bin/lesspipe %s %s
# environment
NCCL_P2P_DISABLE = 1
# environment
LOGNAME = huangyuchao
# environment
APPLICATION_INSIGHTS_NO_DIAGNOSTIC_CHANNEL = true
# environment
CONDA_PROMPT_MODIFIER = (base) 
# automatic
+F = $(notdir $+)
# environment
VSCODE_HANDLES_UNCAUGHT_ERRORS = true
# automatic
^D = $(patsubst %/,%,$(dir $^))
# environment
MAKELEVEL := 0
# environment
CONDA_DEFAULT_ENV = base
# default
MAKE = $(MAKE_COMMAND)
# default
MAKECMDGOALS := all
# environment
SHLVL = 3
# environment
XDG_SESSION_ID = 51545
# environment
USER = huangyuchao
# makefile
.DEFAULT_GOAL := all
# automatic
%D = $(patsubst %/,%,$(dir $%))
# environment
CONDA_SHLVL = 1
# default
MAKE_COMMAND := make
# default
.VARIABLES := 
# automatic
*F = $(notdir $*)
# makefile
MAKEFLAGS = pqrR
# environment
MFLAGS = -pqrR
# environment
SSH_CLIENT = 10.130.5.139 49401 22
# environment
MAIL = /var/mail/huangyuchao
# automatic
+D = $(patsubst %/,%,$(dir $+))
# environment
BROWSER = /data4/huangyuchao/.vscode-server/bin/30d9c6cd9483b2cc586687151bcbcd635f373630/bin/helpers/browser.sh
# environment
VSCODE_HANDLES_SIGPIPE = true
# default
MAKEFILES := 
# automatic
<F = $(notdir $<)
# environment
LC_ALL = C
# environment
CONDA_PYTHON_EXE = /home/huangyuchao/anaconda3/bin/python
# automatic
^F = $(notdir $^)
# default
SUFFIXES := 
# environment
_CE_M = 
# default
.INCLUDE_DIRS = /usr/include /usr/local/include /usr/include
# default
.RECIPEPREFIX := 
# default
MAKE_HOST := x86_64-pc-linux-gnu
# environment
LANG = C
# environment
VSCODE_EXTHOST_WILL_SEND_SOCKET = true
# environment
_CE_CONDA = 
# variable set hash-table stats:
# Load=77/1024=8%, Rehash=0, Collisions=8/105=8%

# Pattern-specific Variable Values

# No pattern-specific variable values.

# Directories

# . (device 2113, inode 199625404): 18 files, no impossibilities.

# 18 files, no impossibilities in 1 directories.

# Implicit Rules

# No implicit rules.

# Files

all:
#  Command line target.
#  Implicit rule search has not been done.
#  Implicit/static pattern stem: ''
#  File does not exist.
#  File has been updated.
#  Needs to be updated (-q is set).
# automatic
# @ := all
# automatic
# % := 
# automatic
# * := 
# automatic
# + := 
# automatic
# | := 
# automatic
# < := 
# automatic
# ^ := 
# automatic
# ? := 
# variable set hash-table stats:
# Load=8/32=25%, Rehash=0, Collisions=1/11=9%
#  recipe to execute (from 'Makefile', line 2):
	cd lib/utils/nms; python setup_linux.py build_ext --inplace; rm -rf build; cd ../../../

# Not a target:
.SUFFIXES:
#  Implicit rule search has not been done.
#  Modification time never checked.
#  File has not been updated.

# Not a target:
Makefile:
#  Implicit rule search has been done.
#  Last modified 2022-05-23 10:28:45.558834164
#  File has been updated.
#  Successfully updated.

# Not a target:
.DEFAULT:
#  Implicit rule search has not been done.
#  Modification time never checked.
#  File has not been updated.

clean:
#  Implicit rule search has not been done.
#  Modification time never checked.
#  File has not been updated.
#  recipe to execute (from 'Makefile', line 5):
	cd lib/utils/nms; rm *.so; cd ../../../

# files hash-table stats:
# Load=5/1024=0%, Rehash=0, Collisions=0/17=0%
# VPATH Search Paths

# No 'vpath' search paths.

# No general ('VPATH' variable) search path.

# strcache buffers: 1 (0) / strings = 24 / storage = 204 B / avg = 8 B
# current buf: size = 8162 B / used = 204 B / count = 24 / avg = 8 B

# strcache performance: lookups = 32 / hit rate = 25%
# hash-table stats:
# Load=24/8192=0%, Rehash=0, Collisions=1/32=3%
# Finished Make data base on Sun Jun 19 21:52:57 2022

 
